
ROM used:   7796/32768 (24%)
            7796/32768 (24%) including unused fragments

            2.3 Average locations per line
            8.2 Average locations per statement

RAM used:   122/2048 (6%) at main() level
            158/2048 (8%) worst case

Stack used: 9 worst case (7 in main + 2 for interrupts)
Stack size: 31

Lines Stmts  %   Files
----- ----- ---  -----
  571   396  42  Recepcion de datos12.c
  837     0   0  C:\Program Files (x86)\PICC\Devices\18F4550.h
 1351   359  38  C:\Program Files (x86)\PICC\Drivers\stdlib.h
   32     0   0  C:\Program Files (x86)\PICC\Drivers\stddef.h
  423   125  13  C:\Program Files (x86)\PICC\Drivers\string.h
   28     0   0  C:\Program Files (x86)\PICC\Drivers\ctype.h
  191    70   7  i2c_Flex_LCD.c
----- -----
 3433   950 Total

Page ROM  %  RAM   Vol Diff  Functions:
---- --- --- ---   --- ----  ----------
0    242   2   11             @MULFF
0     54   0    2             @ITOF
0    618   4   16             @ADDFF
0    346   2   14             @DIVFF
0     84   1   14             @MUL3232
0    568   4   19  1542 12.4  strtof
0     40   0    1             @delay_ms1
0     32   0    1             @delay_us1
0      8   0    0             @PUTCHARI_BIU_1
0    108   1    1             @I2C_WRITE_1
0    122   1    1   156  1.3  i2c_send_nibble
0     34   0    2   178  3.6  lcd_send_byte
0     30   0    0    48  1.1  lcd_clear
0    104   1    0   362  1.4  lcd_init
0     86   1    2   521  6.8  lcd_gotoxy
0    110   1    2   650  4.5  LCD_PUTC
0    284   2    0   455  4.3  moverz
0    662   4    4   497  6.4  conversionpasos
0     86   1    5             @SDTOF
0    118   1   10             @FLT
0     56   0    4             @SFTOI
0    240   2    1   715  4.8  perforacion
0     62   0    5             @FTOSD
0     28   0    0   149  2.6  moverxy
0     76   0    0   156  2.2  posicionmecha
0    194   1    1   403  3.7  profundidadmecha
0     12   0    0             @const992
0     32   0    2             @PSTRINGC_938
0     22   0    0             @const995
0    110   1    1   240  3.1  ajusteceroz
0     16   0    0             @const998
0     20   0    0             @const1000
0    154   1    2   577  4.2  ajusteceroxy
0     20   0    0             @const1003
0     18   0    0             @const1005
0     40   0    0    96  2.9  mecha
0     18   0    0    94  1.7  bip
0     16   0    0    50  1.5  ext_isr1
0    126   1    1   466  3.8  INTEXT_isr
0    206   1    0   878  5.3  TIMER0_isr
0     24   0    0   119  3.0  TIMER1_isr
0    260   2    2  1451  4.9  serial_isr
0   1154   7    1  4705  5.5  MAIN
0     16   0    0             @const1016
0     16   0    0             @const1017
0     22   0    0             @const1018
0     14   0    0             @const1019
0     26   0    0             @const1020
0     32   0    3             @PSTRINGCN_938
0    142   1   13             @DIV3232
0    384   2   13             @PRINTF_L32D_938FPFPF
0     22   0    0             @const1029
0     20   0    0             @const1030
0     14   0    0             @const1031
0     20   0    0             @const1032
0     22   0    0             @const1033
0     20   0    0             @const1034
0     20   0    0             @const1035
0     20   0    0             @const1036
0     22   0    0             @const1037
0     16   0    0             @const1038
0      4   0    0             @const1039
0     36   0    2             @PSTRINGC_1
0     20   0    0             @const1041
0     24   0    0             @const1042
0     16   0    0             @const1043
0     14   0    0             @const1044
 Inline         0             @cinit1

Program metrics:
    Functions               23
    Statements              950
    Comments                1054
    Volume (V)              23402
    Difficulty (D)          89.3
    Effort to implement (E) 2089644
    Time to implement (T)   32 hours, 15 minutes
    Est Delivered Bugs (B)  5
    Cyclomatic Complexity   54
    Maintainability (MI)    30

 Segment     Used  Free
-----------  ----  ----
00000-00002     4  0  
00004-00006     0  4  
00008-000C4   190  0  
000C6-07FFE  7602  24968  



