
ROM used:   7520/32768 (23%)
            7520/32768 (23%) including unused fragments

            1.3 Average locations per line
            6.4 Average locations per statement

RAM used:   116/2048 (6%) at main() level
            152/2048 (7%) worst case

Stack used: 9 worst case (7 in main + 2 for interrupts)
Stack size: 31

Lines Stmts  %   Files
----- ----- ---  -----
  548   382  32  Recepcion de datos8.c
  837     0   0  C:\Program Files (x86)\PICC\Devices\18F4550.h
 1351   359  31  C:\Program Files (x86)\PICC\Drivers\stdlib.h
   32     0   0  C:\Program Files (x86)\PICC\Drivers\stddef.h
  423   125  11  C:\Program Files (x86)\PICC\Drivers\string.h
   28     0   0  C:\Program Files (x86)\PICC\Drivers\ctype.h
  299    54   5  LCD420-FLEX.c
 2229   257  22  C:\Program Files (x86)\PICC\Drivers\MATH.h
----- -----
 5747  1177 Total

Page ROM  %  RAM   Vol Diff  Functions:
---- --- --- ---   --- ----  ----------
0    242   2   11             @MULFF
0     54   0    2             @ITOF
0    618   4   16             @ADDFF
0    346   2   14             @DIVFF
0     84   1   14             @MUL3232
0    568   4   19  1542 12.4  strtof
0     40   0    1             @delay_ms1
0     32   0    1             @delay_us1
0      8   0    0             @PUTCHARI_BIU_1
0     30   0    0             @const923
0     78   1    1   326  2.8  lcd_send_nibble
0     68   0    3   235  3.8  lcd_send_byte
0    130   1    2   406  4.7  lcd_init
0     64   0    4   386  6.5  lcd_gotoxy
0     84   1    1   315  4.5  lcd_putc
0    118   1   10             @FLT
0     56   0    4             @SFTOI
0    284   2    0   455  4.3  moverz
0    662   4    4   497  6.4  conversionpasos
0     86   1    5             @SDTOF
0    232   2    1   697  4.2  perforacion
0     62   0    5             @FTOSD
0     28   0    0   149  2.6  moverxy
0     76   1    0   156  2.2  posicionmecha
0    166   1    1   364  3.7  profundidadmecha
0     14   0    0             @const1113
0     32   0    2             @PSTRINGC_937
0     22   0    0             @const1115
0     88   1    1   190  2.6  ajusteceroz
0     16   0    0             @const1117
0      6   0    0             @const1118
0    240   2    2   979  4.3  ajustedecero
0     18   0    0             @const1120
0     18   0    0             @const1121
0     18   0    0             @const1122
0      4   0    0             @const1123
0      4   0    0             @const1124
0      4   0    0             @const1125
0      4   0    0             @const1126
0     40   0    0    96  2.9  mecha
0     18   0    0    69  1.6  ext_isr1
0    126   1    1   466  3.8  INTEXT_isr
0    206   1    0   878  5.3  TIMER0_isr
0    260   2    2  1451  4.9  serial_isr
0   1030   7    1  4058  5.0  MAIN
0     16   0    0             @const1135
0     20   0    0             @const1136
0     20   0    0             @const1137
0     12   0    0             @const1138
0     22   0    0             @const1139
0     32   0    3             @PSTRINGCN_937
0    142   1   13             @DIV3232
0    384   3   13             @PRINTF_L32D_937FPFPF
0     22   0    0             @const1148
0     20   0    0             @const1149
0     14   0    0             @const1150
0     20   0    0             @const1151
0     22   0    0             @const1152
0     20   0    0             @const1153
0     20   0    0             @const1154
0     20   0    0             @const1155
0     20   0    0             @const1156
0     16   0    0             @const1157
0      4   0    0             @const1158
0     34   0    2             @PSTRINGC_1
0     20   0    0             @const1160
0     22   0    0             @const1161
0     14   0    0             @const1162
0      4   0    0             @const1163
0     14   0    0             @const1164
 Inline         0             @cinit1

Program metrics:
    Functions               20
    Statements              1177
    Comments                1278
    Volume (V)              22064
    Difficulty (D)          85.5
    Effort to implement (E) 1887141
    Time to implement (T)   29 hours, 7 minutes
    Est Delivered Bugs (B)  5
    Cyclomatic Complexity   55
    Maintainability (MI)    59

 Segment     Used  Free
-----------  ----  ----
00000-00002     4  0  
00004-00006     0  4  
00008-000B8   178  0  
000BA-07FFE  7338  25244  



